InitScriptMode luaPackage=False
[core/global.lua:59]:<color=#ffeb04>随机数种子 2543231</color>
[logic/audio/CSpeechCtrl.lua:35]:CSpeechCtrl.GetTokenFromLocal    1604075452    1570621970
[logic/base/CHttpCtrl.lua:32]:http get ->    https://openapi.baidu.com/oauth/2.0/token?grant_type=client_credentials&client_id=cbadGFhCcjh4H0difKnC8P1B&client_secret=3335d6d08034cff3c2f3b1980c050c66&
[logic/ui/CViewCtrl.lua:97]:打开界面UI:CNotifyView ShowView
[core/table.lua:99]:CommonProcess-> = {
   cb = "function: 0x3f22fd48"
   json_result = true
   timer = 1012
}
[logic/audio/CSpeechCtrl.lua:67]:OnTokenGet err
[logic/base/CResCtrl.lua:214]:-->resource init done!!! 9
[logic/ui/CViewBase.lua:149]:CNotifyView LoadDone!
[core/global.lua:59]:<color=#ffeb04>开始引导检查</color>
[core/table.lua:99]:Table = {}
[core/global.lua:59]:<color=#ffeb04>剩余缓存player： 0 0</color>
[core/global.lua:59]:<color=#ffeb04>剩余缓存npc： 0 0</color>
[core/global.lua:59]:<color=#ffeb04>剩余缓存npc： 0 0</color>
[core/global.lua:59]:<color=#ffeb04>剩余缓存TaskPickItem： 0 0</color>
[core/global.lua:59]:<color=#ffeb04>剩余缓存npc： 0 0</color>
[logic/ui/CViewCtrl.lua:134]:CGuideView CloseView
[logic/ui/CViewCtrl.lua:97]:打开界面UI:CGuideView ShowView
[logic/base/CResCtrl.lua:788]:res gc finish!
[core/global.lua:59]:<color=#ffeb04>res gc skip! m_ReleaseAssetCnt: 0</color>
[logic/ui/CViewCtrl.lua:97]:打开界面UI:CLoginPhoneView ShowView
[core/global.lua:59]:<color=#ffeb04>停止引导检查</color>
[core/global.lua:59]:<color=#ffeb04>CLoginPhoneView.RefreshUI 销毁m_MainNetObj</color>
[logic/ui/CViewCtrl.lua:134]:CRoleCreateView CloseView
[core/global.lua:59]:<color=#ffeb04>技术版本号：App:1.0.0.0 Res:1.5.6.0 v0</color>
[logic/ui/CViewBase.lua:149]:CLoginPhoneView LoadDone!
[logic/ui/CViewBase.lua:149]:CGuideView LoadDone!
[net/CNetCtrl.lua:139]:尝试连接    192.168.200.129    27013
[net/CNetCtrl.lua:139]:尝试连接    192.168.200.129    7011
[logic/ui/CViewCtrl.lua:97]:打开界面UI:CWindowComfirmView ShowView
